{"/Users/emiliano/poc/jest-Tests/CheckboxWithLabel.js": {"path":"/Users/emiliano/poc/jest-Tests/CheckboxWithLabel.js","statementMap":{"0":{"start":{"line":1,"column":39},"end":{"line":1,"column":101}},"1":{"start":{"line":1,"column":120},"end":{"line":1,"column":649}},"2":{"start":{"line":1,"column":175},"end":{"line":1,"column":440}},"3":{"start":{"line":1,"column":232},"end":{"line":1,"column":240}},"4":{"start":{"line":1,"column":241},"end":{"line":1,"column":296}},"5":{"start":{"line":1,"column":296},"end":{"line":1,"column":327}},"6":{"start":{"line":1,"column":327},"end":{"line":1,"column":381}},"7":{"start":{"line":1,"column":354},"end":{"line":1,"column":381}},"8":{"start":{"line":1,"column":381},"end":{"line":1,"column":439}},"9":{"start":{"line":1,"column":441},"end":{"line":1,"column":646}},"10":{"start":{"line":1,"column":497},"end":{"line":1,"column":565}},"11":{"start":{"line":1,"column":513},"end":{"line":1,"column":565}},"12":{"start":{"line":1,"column":565},"end":{"line":1,"column":625}},"13":{"start":{"line":1,"column":582},"end":{"line":1,"column":625}},"14":{"start":{"line":1,"column":625},"end":{"line":1,"column":644}},"15":{"start":{"line":3,"column":166},"end":{"line":3,"column":220}},"16":{"start":{"line":3,"column":270},"end":{"line":3,"column":369}},"17":{"start":{"line":3,"column":311},"end":{"line":3,"column":368}},"18":{"start":{"line":3,"column":419},"end":{"line":3,"column":518}},"19":{"start":{"line":3,"column":431},"end":{"line":3,"column":517}},"20":{"start":{"line":3,"column":518},"end":{"line":3,"column":604}},"21":{"start":{"line":3,"column":647},"end":{"line":3,"column":810}},"22":{"start":{"line":3,"column":709},"end":{"line":3,"column":809}},"23":{"start":{"line":3,"column":810},"end":{"line":3,"column":974}},"24":{"start":{"line":3,"column":974},"end":{"line":3,"column":1092}},"25":{"start":{"line":3,"column":990},"end":{"line":3,"column":1092}},"26":{"start":{"line":5,"column":20},"end":{"line":31,"column":90}},"27":{"start":{"line":5,"column":49},"end":{"line":5,"column":96}},"28":{"start":{"line":7,"column":142},"end":{"line":8,"column":11}},"29":{"start":{"line":14,"column":3},"end":{"line":31,"column":10}},"30":{"start":{"line":17,"column":6},"end":{"line":17,"column":58}},"31":{"start":{"line":21,"column":6},"end":{"line":28,"column":76}},"32":{"start":{"line":31,"column":10},"end":{"line":31,"column":35}}},"fnMap":{"0":{"name":"(anonymous_0)","decl":{"start":{"line":1,"column":120},"end":{"line":1,"column":121}},"loc":{"start":{"line":1,"column":132},"end":{"line":1,"column":647}}},"1":{"name":"defineProperties","decl":{"start":{"line":1,"column":142},"end":{"line":1,"column":158}},"loc":{"start":{"line":1,"column":174},"end":{"line":1,"column":441}}},"2":{"name":"(anonymous_2)","decl":{"start":{"line":1,"column":448},"end":{"line":1,"column":449}},"loc":{"start":{"line":1,"column":496},"end":{"line":1,"column":645}}},"3":{"name":"_interopRequireDefault","decl":{"start":{"line":3,"column":137},"end":{"line":3,"column":159}},"loc":{"start":{"line":3,"column":165},"end":{"line":3,"column":221}}},"4":{"name":"_classCallCheck","decl":{"start":{"line":3,"column":230},"end":{"line":3,"column":245}},"loc":{"start":{"line":3,"column":269},"end":{"line":3,"column":370}}},"5":{"name":"_possibleConstructorReturn","decl":{"start":{"line":3,"column":379},"end":{"line":3,"column":405}},"loc":{"start":{"line":3,"column":418},"end":{"line":3,"column":605}}},"6":{"name":"_inherits","decl":{"start":{"line":3,"column":614},"end":{"line":3,"column":623}},"loc":{"start":{"line":3,"column":646},"end":{"line":3,"column":1093}}},"7":{"name":"(anonymous_7)","decl":{"start":{"line":5,"column":20},"end":{"line":5,"column":21}},"loc":{"start":{"line":5,"column":48},"end":{"line":31,"column":36}}},"8":{"name":"CheckboxWithLabel","decl":{"start":{"line":7,"column":37},"end":{"line":7,"column":54}},"loc":{"start":{"line":7,"column":62},"end":{"line":14,"column":3}}},"9":{"name":"onChange","decl":{"start":{"line":14,"column":71},"end":{"line":14,"column":79}},"loc":{"start":{"line":16,"column":4},"end":{"line":18,"column":5}}},"10":{"name":"render","decl":{"start":{"line":18,"column":42},"end":{"line":18,"column":48}},"loc":{"start":{"line":20,"column":4},"end":{"line":31,"column":5}}}},"branchMap":{"0":{"loc":{"start":{"line":1,"column":265},"end":{"line":1,"column":295}},"type":"binary-expr","locations":[{"start":{"line":1,"column":265},"end":{"line":1,"column":286}},{"start":{"line":1,"column":290},"end":{"line":1,"column":295}}]},"1":{"loc":{"start":{"line":1,"column":327},"end":{"line":1,"column":381}},"type":"if","locations":[{"start":{"line":1,"column":327},"end":{"line":1,"column":381}},{"start":{"line":1,"column":327},"end":{"line":1,"column":381}}]},"2":{"loc":{"start":{"line":1,"column":497},"end":{"line":1,"column":565}},"type":"if","locations":[{"start":{"line":1,"column":497},"end":{"line":1,"column":565}},{"start":{"line":1,"column":497},"end":{"line":1,"column":565}}]},"3":{"loc":{"start":{"line":1,"column":565},"end":{"line":1,"column":625}},"type":"if","locations":[{"start":{"line":1,"column":565},"end":{"line":1,"column":625}},{"start":{"line":1,"column":565},"end":{"line":1,"column":625}}]},"4":{"loc":{"start":{"line":3,"column":173},"end":{"line":3,"column":219}},"type":"cond-expr","locations":[{"start":{"line":3,"column":197},"end":{"line":3,"column":200}},{"start":{"line":3,"column":203},"end":{"line":3,"column":219}}]},"5":{"loc":{"start":{"line":3,"column":173},"end":{"line":3,"column":194}},"type":"binary-expr","locations":[{"start":{"line":3,"column":173},"end":{"line":3,"column":176}},{"start":{"line":3,"column":180},"end":{"line":3,"column":194}}]},"6":{"loc":{"start":{"line":3,"column":270},"end":{"line":3,"column":369}},"type":"if","locations":[{"start":{"line":3,"column":270},"end":{"line":3,"column":369}},{"start":{"line":3,"column":270},"end":{"line":3,"column":369}}]},"7":{"loc":{"start":{"line":3,"column":419},"end":{"line":3,"column":518}},"type":"if","locations":[{"start":{"line":3,"column":419},"end":{"line":3,"column":518}},{"start":{"line":3,"column":419},"end":{"line":3,"column":518}}]},"8":{"loc":{"start":{"line":3,"column":525},"end":{"line":3,"column":603}},"type":"cond-expr","locations":[{"start":{"line":3,"column":592},"end":{"line":3,"column":596}},{"start":{"line":3,"column":599},"end":{"line":3,"column":603}}]},"9":{"loc":{"start":{"line":3,"column":525},"end":{"line":3,"column":589}},"type":"binary-expr","locations":[{"start":{"line":3,"column":525},"end":{"line":3,"column":529}},{"start":{"line":3,"column":534},"end":{"line":3,"column":558}},{"start":{"line":3,"column":562},"end":{"line":3,"column":588}}]},"10":{"loc":{"start":{"line":3,"column":647},"end":{"line":3,"column":810}},"type":"if","locations":[{"start":{"line":3,"column":647},"end":{"line":3,"column":810}},{"start":{"line":3,"column":647},"end":{"line":3,"column":810}}]},"11":{"loc":{"start":{"line":3,"column":651},"end":{"line":3,"column":706}},"type":"binary-expr","locations":[{"start":{"line":3,"column":651},"end":{"line":3,"column":683}},{"start":{"line":3,"column":687},"end":{"line":3,"column":706}}]},"12":{"loc":{"start":{"line":3,"column":845},"end":{"line":3,"column":879}},"type":"binary-expr","locations":[{"start":{"line":3,"column":845},"end":{"line":3,"column":855}},{"start":{"line":3,"column":859},"end":{"line":3,"column":879}}]},"13":{"loc":{"start":{"line":3,"column":974},"end":{"line":3,"column":1092}},"type":"if","locations":[{"start":{"line":3,"column":974},"end":{"line":3,"column":1092}},{"start":{"line":3,"column":974},"end":{"line":3,"column":1092}}]},"14":{"loc":{"start":{"line":3,"column":990},"end":{"line":3,"column":1091}},"type":"cond-expr","locations":[{"start":{"line":3,"column":1014},"end":{"line":3,"column":1057}},{"start":{"line":3,"column":1060},"end":{"line":3,"column":1091}}]},"15":{"loc":{"start":{"line":7,"column":176},"end":{"line":7,"column":247}},"type":"binary-expr","locations":[{"start":{"line":7,"column":176},"end":{"line":7,"column":203}},{"start":{"line":7,"column":207},"end":{"line":7,"column":247}}]},"16":{"loc":{"start":{"line":28,"column":10},"end":{"line":28,"column":73}},"type":"cond-expr","locations":[{"start":{"line":28,"column":33},"end":{"line":28,"column":51}},{"start":{"line":28,"column":54},"end":{"line":28,"column":73}}]}},"s":{"0":1,"1":1,"2":1,"3":2,"4":2,"5":2,"6":2,"7":2,"8":2,"9":1,"10":1,"11":1,"12":1,"13":0,"14":1,"15":1,"16":1,"17":0,"18":1,"19":0,"20":1,"21":1,"22":0,"23":1,"24":1,"25":1,"26":1,"27":1,"28":1,"29":1,"30":1,"31":2,"32":1},"f":{"0":1,"1":1,"2":1,"3":1,"4":1,"5":1,"6":1,"7":1,"8":1,"9":1,"10":2},"b":{"0":[2,2],"1":[2,0],"2":[1,0],"3":[0,1],"4":[0,1],"5":[1,1],"6":[0,1],"7":[0,1],"8":[0,1],"9":[1,0,0],"10":[0,1],"11":[1,0],"12":[1,1],"13":[1,0],"14":[1,0],"15":[1,0],"16":[1,1]},"_coverageSchema":"332fd63041d2c1bcb487cc26dd0d5f7d97098a6c","hash":"6d907e07b961954f2d49aaaad5395d02d360dd6b"}
,"/Users/emiliano/poc/jest-Tests/ShoppingList.js": {"path":"/Users/emiliano/poc/jest-Tests/ShoppingList.js","statementMap":{"0":{"start":{"line":1,"column":39},"end":{"line":1,"column":101}},"1":{"start":{"line":1,"column":120},"end":{"line":1,"column":649}},"2":{"start":{"line":1,"column":175},"end":{"line":1,"column":440}},"3":{"start":{"line":1,"column":232},"end":{"line":1,"column":240}},"4":{"start":{"line":1,"column":241},"end":{"line":1,"column":296}},"5":{"start":{"line":1,"column":296},"end":{"line":1,"column":327}},"6":{"start":{"line":1,"column":327},"end":{"line":1,"column":381}},"7":{"start":{"line":1,"column":354},"end":{"line":1,"column":381}},"8":{"start":{"line":1,"column":381},"end":{"line":1,"column":439}},"9":{"start":{"line":1,"column":441},"end":{"line":1,"column":646}},"10":{"start":{"line":1,"column":497},"end":{"line":1,"column":565}},"11":{"start":{"line":1,"column":513},"end":{"line":1,"column":565}},"12":{"start":{"line":1,"column":565},"end":{"line":1,"column":625}},"13":{"start":{"line":1,"column":582},"end":{"line":1,"column":625}},"14":{"start":{"line":1,"column":625},"end":{"line":1,"column":644}},"15":{"start":{"line":1,"column":816},"end":{"line":1,"column":870}},"16":{"start":{"line":1,"column":920},"end":{"line":1,"column":1019}},"17":{"start":{"line":1,"column":961},"end":{"line":1,"column":1018}},"18":{"start":{"line":1,"column":1069},"end":{"line":1,"column":1168}},"19":{"start":{"line":1,"column":1081},"end":{"line":1,"column":1167}},"20":{"start":{"line":1,"column":1168},"end":{"line":1,"column":1254}},"21":{"start":{"line":1,"column":1297},"end":{"line":1,"column":1460}},"22":{"start":{"line":1,"column":1359},"end":{"line":1,"column":1459}},"23":{"start":{"line":1,"column":1460},"end":{"line":1,"column":1624}},"24":{"start":{"line":1,"column":1624},"end":{"line":1,"column":1742}},"25":{"start":{"line":1,"column":1640},"end":{"line":1,"column":1742}},"26":{"start":{"line":3,"column":15},"end":{"line":15,"column":85}},"27":{"start":{"line":3,"column":44},"end":{"line":3,"column":86}},"28":{"start":{"line":3,"column":111},"end":{"line":3,"column":147}},"29":{"start":{"line":3,"column":147},"end":{"line":3,"column":275}},"30":{"start":{"line":3,"column":276},"end":{"line":15,"column":10}},"31":{"start":{"line":5,"column":6},"end":{"line":11,"column":172}},"32":{"start":{"line":15,"column":10},"end":{"line":15,"column":30}}},"fnMap":{"0":{"name":"(anonymous_0)","decl":{"start":{"line":1,"column":120},"end":{"line":1,"column":121}},"loc":{"start":{"line":1,"column":132},"end":{"line":1,"column":647}}},"1":{"name":"defineProperties","decl":{"start":{"line":1,"column":142},"end":{"line":1,"column":158}},"loc":{"start":{"line":1,"column":174},"end":{"line":1,"column":441}}},"2":{"name":"(anonymous_2)","decl":{"start":{"line":1,"column":448},"end":{"line":1,"column":449}},"loc":{"start":{"line":1,"column":496},"end":{"line":1,"column":645}}},"3":{"name":"_interopRequireDefault","decl":{"start":{"line":1,"column":787},"end":{"line":1,"column":809}},"loc":{"start":{"line":1,"column":815},"end":{"line":1,"column":871}}},"4":{"name":"_classCallCheck","decl":{"start":{"line":1,"column":880},"end":{"line":1,"column":895}},"loc":{"start":{"line":1,"column":919},"end":{"line":1,"column":1020}}},"5":{"name":"_possibleConstructorReturn","decl":{"start":{"line":1,"column":1029},"end":{"line":1,"column":1055}},"loc":{"start":{"line":1,"column":1068},"end":{"line":1,"column":1255}}},"6":{"name":"_inherits","decl":{"start":{"line":1,"column":1264},"end":{"line":1,"column":1273}},"loc":{"start":{"line":1,"column":1296},"end":{"line":1,"column":1743}}},"7":{"name":"(anonymous_7)","decl":{"start":{"line":3,"column":15},"end":{"line":3,"column":16}},"loc":{"start":{"line":3,"column":43},"end":{"line":15,"column":31}}},"8":{"name":"ShoppingList","decl":{"start":{"line":3,"column":95},"end":{"line":3,"column":107}},"loc":{"start":{"line":3,"column":110},"end":{"line":3,"column":276}}},"9":{"name":"render","decl":{"start":{"line":3,"column":337},"end":{"line":3,"column":343}},"loc":{"start":{"line":4,"column":4},"end":{"line":15,"column":5}}}},"branchMap":{"0":{"loc":{"start":{"line":1,"column":265},"end":{"line":1,"column":295}},"type":"binary-expr","locations":[{"start":{"line":1,"column":265},"end":{"line":1,"column":286}},{"start":{"line":1,"column":290},"end":{"line":1,"column":295}}]},"1":{"loc":{"start":{"line":1,"column":327},"end":{"line":1,"column":381}},"type":"if","locations":[{"start":{"line":1,"column":327},"end":{"line":1,"column":381}},{"start":{"line":1,"column":327},"end":{"line":1,"column":381}}]},"2":{"loc":{"start":{"line":1,"column":497},"end":{"line":1,"column":565}},"type":"if","locations":[{"start":{"line":1,"column":497},"end":{"line":1,"column":565}},{"start":{"line":1,"column":497},"end":{"line":1,"column":565}}]},"3":{"loc":{"start":{"line":1,"column":565},"end":{"line":1,"column":625}},"type":"if","locations":[{"start":{"line":1,"column":565},"end":{"line":1,"column":625}},{"start":{"line":1,"column":565},"end":{"line":1,"column":625}}]},"4":{"loc":{"start":{"line":1,"column":823},"end":{"line":1,"column":869}},"type":"cond-expr","locations":[{"start":{"line":1,"column":847},"end":{"line":1,"column":850}},{"start":{"line":1,"column":853},"end":{"line":1,"column":869}}]},"5":{"loc":{"start":{"line":1,"column":823},"end":{"line":1,"column":844}},"type":"binary-expr","locations":[{"start":{"line":1,"column":823},"end":{"line":1,"column":826}},{"start":{"line":1,"column":830},"end":{"line":1,"column":844}}]},"6":{"loc":{"start":{"line":1,"column":920},"end":{"line":1,"column":1019}},"type":"if","locations":[{"start":{"line":1,"column":920},"end":{"line":1,"column":1019}},{"start":{"line":1,"column":920},"end":{"line":1,"column":1019}}]},"7":{"loc":{"start":{"line":1,"column":1069},"end":{"line":1,"column":1168}},"type":"if","locations":[{"start":{"line":1,"column":1069},"end":{"line":1,"column":1168}},{"start":{"line":1,"column":1069},"end":{"line":1,"column":1168}}]},"8":{"loc":{"start":{"line":1,"column":1175},"end":{"line":1,"column":1253}},"type":"cond-expr","locations":[{"start":{"line":1,"column":1242},"end":{"line":1,"column":1246}},{"start":{"line":1,"column":1249},"end":{"line":1,"column":1253}}]},"9":{"loc":{"start":{"line":1,"column":1175},"end":{"line":1,"column":1239}},"type":"binary-expr","locations":[{"start":{"line":1,"column":1175},"end":{"line":1,"column":1179}},{"start":{"line":1,"column":1184},"end":{"line":1,"column":1208}},{"start":{"line":1,"column":1212},"end":{"line":1,"column":1238}}]},"10":{"loc":{"start":{"line":1,"column":1297},"end":{"line":1,"column":1460}},"type":"if","locations":[{"start":{"line":1,"column":1297},"end":{"line":1,"column":1460}},{"start":{"line":1,"column":1297},"end":{"line":1,"column":1460}}]},"11":{"loc":{"start":{"line":1,"column":1301},"end":{"line":1,"column":1356}},"type":"binary-expr","locations":[{"start":{"line":1,"column":1301},"end":{"line":1,"column":1333}},{"start":{"line":1,"column":1337},"end":{"line":1,"column":1356}}]},"12":{"loc":{"start":{"line":1,"column":1495},"end":{"line":1,"column":1529}},"type":"binary-expr","locations":[{"start":{"line":1,"column":1495},"end":{"line":1,"column":1505}},{"start":{"line":1,"column":1509},"end":{"line":1,"column":1529}}]},"13":{"loc":{"start":{"line":1,"column":1624},"end":{"line":1,"column":1742}},"type":"if","locations":[{"start":{"line":1,"column":1624},"end":{"line":1,"column":1742}},{"start":{"line":1,"column":1624},"end":{"line":1,"column":1742}}]},"14":{"loc":{"start":{"line":1,"column":1640},"end":{"line":1,"column":1741}},"type":"cond-expr","locations":[{"start":{"line":1,"column":1664},"end":{"line":1,"column":1707}},{"start":{"line":1,"column":1710},"end":{"line":1,"column":1741}}]},"15":{"loc":{"start":{"line":3,"column":188},"end":{"line":3,"column":249}},"type":"binary-expr","locations":[{"start":{"line":3,"column":188},"end":{"line":3,"column":210}},{"start":{"line":3,"column":214},"end":{"line":3,"column":249}}]}},"s":{"0":1,"1":1,"2":1,"3":1,"4":1,"5":1,"6":1,"7":1,"8":1,"9":1,"10":1,"11":1,"12":1,"13":0,"14":1,"15":1,"16":3,"17":0,"18":3,"19":0,"20":3,"21":1,"22":0,"23":1,"24":1,"25":1,"26":1,"27":1,"28":3,"29":3,"30":1,"31":3,"32":1},"f":{"0":1,"1":1,"2":1,"3":1,"4":3,"5":3,"6":1,"7":1,"8":3,"9":3},"b":{"0":[1,1],"1":[1,0],"2":[1,0],"3":[0,1],"4":[0,1],"5":[1,1],"6":[0,3],"7":[0,3],"8":[0,3],"9":[3,0,0],"10":[0,1],"11":[1,0],"12":[1,1],"13":[1,0],"14":[1,0],"15":[3,0]},"_coverageSchema":"332fd63041d2c1bcb487cc26dd0d5f7d97098a6c","hash":"a4dfb1d04222bdec3304444a56a8d01e5ba6a603"}
,"/Users/emiliano/poc/jest-Tests/link.react.js": {"path":"/Users/emiliano/poc/jest-Tests/link.react.js","statementMap":{"0":{"start":{"line":1,"column":39},"end":{"line":1,"column":101}},"1":{"start":{"line":1,"column":120},"end":{"line":1,"column":649}},"2":{"start":{"line":1,"column":175},"end":{"line":1,"column":440}},"3":{"start":{"line":1,"column":232},"end":{"line":1,"column":240}},"4":{"start":{"line":1,"column":241},"end":{"line":1,"column":296}},"5":{"start":{"line":1,"column":296},"end":{"line":1,"column":327}},"6":{"start":{"line":1,"column":327},"end":{"line":1,"column":381}},"7":{"start":{"line":1,"column":354},"end":{"line":1,"column":381}},"8":{"start":{"line":1,"column":381},"end":{"line":1,"column":439}},"9":{"start":{"line":1,"column":441},"end":{"line":1,"column":646}},"10":{"start":{"line":1,"column":497},"end":{"line":1,"column":565}},"11":{"start":{"line":1,"column":513},"end":{"line":1,"column":565}},"12":{"start":{"line":1,"column":565},"end":{"line":1,"column":625}},"13":{"start":{"line":1,"column":582},"end":{"line":1,"column":625}},"14":{"start":{"line":1,"column":625},"end":{"line":1,"column":644}},"15":{"start":{"line":2,"column":166},"end":{"line":2,"column":220}},"16":{"start":{"line":2,"column":270},"end":{"line":2,"column":369}},"17":{"start":{"line":2,"column":311},"end":{"line":2,"column":368}},"18":{"start":{"line":2,"column":419},"end":{"line":2,"column":518}},"19":{"start":{"line":2,"column":431},"end":{"line":2,"column":517}},"20":{"start":{"line":2,"column":518},"end":{"line":2,"column":604}},"21":{"start":{"line":2,"column":647},"end":{"line":2,"column":810}},"22":{"start":{"line":2,"column":709},"end":{"line":2,"column":809}},"23":{"start":{"line":2,"column":810},"end":{"line":2,"column":974}},"24":{"start":{"line":2,"column":974},"end":{"line":2,"column":1092}},"25":{"start":{"line":2,"column":990},"end":{"line":2,"column":1092}},"26":{"start":{"line":4,"column":13},"end":{"line":6,"column":22}}},"fnMap":{"0":{"name":"(anonymous_0)","decl":{"start":{"line":1,"column":120},"end":{"line":1,"column":121}},"loc":{"start":{"line":1,"column":132},"end":{"line":1,"column":647}}},"1":{"name":"defineProperties","decl":{"start":{"line":1,"column":142},"end":{"line":1,"column":158}},"loc":{"start":{"line":1,"column":174},"end":{"line":1,"column":441}}},"2":{"name":"(anonymous_2)","decl":{"start":{"line":1,"column":448},"end":{"line":1,"column":449}},"loc":{"start":{"line":1,"column":496},"end":{"line":1,"column":645}}},"3":{"name":"_interopRequireDefault","decl":{"start":{"line":2,"column":137},"end":{"line":2,"column":159}},"loc":{"start":{"line":2,"column":165},"end":{"line":2,"column":221}}},"4":{"name":"_classCallCheck","decl":{"start":{"line":2,"column":230},"end":{"line":2,"column":245}},"loc":{"start":{"line":2,"column":269},"end":{"line":2,"column":370}}},"5":{"name":"_possibleConstructorReturn","decl":{"start":{"line":2,"column":379},"end":{"line":2,"column":405}},"loc":{"start":{"line":2,"column":418},"end":{"line":2,"column":605}}},"6":{"name":"_inherits","decl":{"start":{"line":2,"column":614},"end":{"line":2,"column":623}},"loc":{"start":{"line":2,"column":646},"end":{"line":2,"column":1093}}}},"branchMap":{"0":{"loc":{"start":{"line":1,"column":265},"end":{"line":1,"column":295}},"type":"binary-expr","locations":[{"start":{"line":1,"column":265},"end":{"line":1,"column":286}},{"start":{"line":1,"column":290},"end":{"line":1,"column":295}}]},"1":{"loc":{"start":{"line":1,"column":327},"end":{"line":1,"column":381}},"type":"if","locations":[{"start":{"line":1,"column":327},"end":{"line":1,"column":381}},{"start":{"line":1,"column":327},"end":{"line":1,"column":381}}]},"2":{"loc":{"start":{"line":1,"column":497},"end":{"line":1,"column":565}},"type":"if","locations":[{"start":{"line":1,"column":497},"end":{"line":1,"column":565}},{"start":{"line":1,"column":497},"end":{"line":1,"column":565}}]},"3":{"loc":{"start":{"line":1,"column":565},"end":{"line":1,"column":625}},"type":"if","locations":[{"start":{"line":1,"column":565},"end":{"line":1,"column":625}},{"start":{"line":1,"column":565},"end":{"line":1,"column":625}}]},"4":{"loc":{"start":{"line":2,"column":173},"end":{"line":2,"column":219}},"type":"cond-expr","locations":[{"start":{"line":2,"column":197},"end":{"line":2,"column":200}},{"start":{"line":2,"column":203},"end":{"line":2,"column":219}}]},"5":{"loc":{"start":{"line":2,"column":173},"end":{"line":2,"column":194}},"type":"binary-expr","locations":[{"start":{"line":2,"column":173},"end":{"line":2,"column":176}},{"start":{"line":2,"column":180},"end":{"line":2,"column":194}}]},"6":{"loc":{"start":{"line":2,"column":270},"end":{"line":2,"column":369}},"type":"if","locations":[{"start":{"line":2,"column":270},"end":{"line":2,"column":369}},{"start":{"line":2,"column":270},"end":{"line":2,"column":369}}]},"7":{"loc":{"start":{"line":2,"column":419},"end":{"line":2,"column":518}},"type":"if","locations":[{"start":{"line":2,"column":419},"end":{"line":2,"column":518}},{"start":{"line":2,"column":419},"end":{"line":2,"column":518}}]},"8":{"loc":{"start":{"line":2,"column":525},"end":{"line":2,"column":603}},"type":"cond-expr","locations":[{"start":{"line":2,"column":592},"end":{"line":2,"column":596}},{"start":{"line":2,"column":599},"end":{"line":2,"column":603}}]},"9":{"loc":{"start":{"line":2,"column":525},"end":{"line":2,"column":589}},"type":"binary-expr","locations":[{"start":{"line":2,"column":525},"end":{"line":2,"column":529}},{"start":{"line":2,"column":534},"end":{"line":2,"column":558}},{"start":{"line":2,"column":562},"end":{"line":2,"column":588}}]},"10":{"loc":{"start":{"line":2,"column":647},"end":{"line":2,"column":810}},"type":"if","locations":[{"start":{"line":2,"column":647},"end":{"line":2,"column":810}},{"start":{"line":2,"column":647},"end":{"line":2,"column":810}}]},"11":{"loc":{"start":{"line":2,"column":651},"end":{"line":2,"column":706}},"type":"binary-expr","locations":[{"start":{"line":2,"column":651},"end":{"line":2,"column":683}},{"start":{"line":2,"column":687},"end":{"line":2,"column":706}}]},"12":{"loc":{"start":{"line":2,"column":845},"end":{"line":2,"column":879}},"type":"binary-expr","locations":[{"start":{"line":2,"column":845},"end":{"line":2,"column":855}},{"start":{"line":2,"column":859},"end":{"line":2,"column":879}}]},"13":{"loc":{"start":{"line":2,"column":974},"end":{"line":2,"column":1092}},"type":"if","locations":[{"start":{"line":2,"column":974},"end":{"line":2,"column":1092}},{"start":{"line":2,"column":974},"end":{"line":2,"column":1092}}]},"14":{"loc":{"start":{"line":2,"column":990},"end":{"line":2,"column":1091}},"type":"cond-expr","locations":[{"start":{"line":2,"column":1014},"end":{"line":2,"column":1057}},{"start":{"line":2,"column":1060},"end":{"line":2,"column":1091}}]}},"s":{"0":1,"1":1,"2":1,"3":3,"4":3,"5":3,"6":3,"7":3,"8":3,"9":1,"10":1,"11":1,"12":1,"13":0,"14":1,"15":1,"16":1,"17":0,"18":1,"19":0,"20":1,"21":1,"22":0,"23":1,"24":1,"25":1,"26":1},"f":{"0":1,"1":1,"2":1,"3":1,"4":1,"5":1,"6":1},"b":{"0":[3,3],"1":[3,0],"2":[1,0],"3":[0,1],"4":[0,1],"5":[1,1],"6":[0,1],"7":[0,1],"8":[0,1],"9":[1,0,0],"10":[0,1],"11":[1,0],"12":[1,1],"13":[1,0],"14":[1,0]},"_coverageSchema":"332fd63041d2c1bcb487cc26dd0d5f7d97098a6c","hash":"9a085b10b534d488e8f1bdb1e5bf1a3d616338c6"}
,"/Users/emiliano/poc/jest-Tests/sum.js": {"path":"/Users/emiliano/poc/jest-Tests/sum.js","statementMap":{"0":{"start":{"line":1,"column":39},"end":{"line":1,"column":114}}},"fnMap":{"0":{"name":"(anonymous_0)","decl":{"start":{"line":1,"column":56},"end":{"line":1,"column":57}},"loc":{"start":{"line":1,"column":98},"end":{"line":1,"column":113}}}},"branchMap":{},"s":{"0":1},"f":{"0":1},"b":{},"_coverageSchema":"332fd63041d2c1bcb487cc26dd0d5f7d97098a6c","hash":"65236f54010e417a6f7f6b8afe6418800e7bcde8"}
,"/Users/emiliano/poc/jest-Tests/hello-world/src/App.css": {"path":"/Users/emiliano/poc/jest-Tests/hello-world/src/App.css","statementMap":{},"fnMap":{},"branchMap":{},"s":{},"f":{},"b":{},"_coverageSchema":"332fd63041d2c1bcb487cc26dd0d5f7d97098a6c","hash":"2d2ef725c8f08ca2fbcf8d30b01021fb6b76eb88"}
,"/Users/emiliano/poc/jest-Tests/hello-world/src/App.js": {"path":"/Users/emiliano/poc/jest-Tests/hello-world/src/App.js","statementMap":{"0":{"start":{"line":1,"column":39},"end":{"line":1,"column":101}},"1":{"start":{"line":1,"column":120},"end":{"line":1,"column":649}},"2":{"start":{"line":1,"column":175},"end":{"line":1,"column":440}},"3":{"start":{"line":1,"column":232},"end":{"line":1,"column":240}},"4":{"start":{"line":1,"column":241},"end":{"line":1,"column":296}},"5":{"start":{"line":1,"column":296},"end":{"line":1,"column":327}},"6":{"start":{"line":1,"column":327},"end":{"line":1,"column":381}},"7":{"start":{"line":1,"column":354},"end":{"line":1,"column":381}},"8":{"start":{"line":1,"column":381},"end":{"line":1,"column":439}},"9":{"start":{"line":1,"column":441},"end":{"line":1,"column":646}},"10":{"start":{"line":1,"column":497},"end":{"line":1,"column":565}},"11":{"start":{"line":1,"column":513},"end":{"line":1,"column":565}},"12":{"start":{"line":1,"column":565},"end":{"line":1,"column":625}},"13":{"start":{"line":1,"column":582},"end":{"line":1,"column":625}},"14":{"start":{"line":1,"column":625},"end":{"line":1,"column":644}},"15":{"start":{"line":3,"column":216},"end":{"line":3,"column":315}},"16":{"start":{"line":3,"column":257},"end":{"line":3,"column":314}},"17":{"start":{"line":3,"column":365},"end":{"line":3,"column":464}},"18":{"start":{"line":3,"column":377},"end":{"line":3,"column":463}},"19":{"start":{"line":3,"column":464},"end":{"line":3,"column":550}},"20":{"start":{"line":3,"column":593},"end":{"line":3,"column":756}},"21":{"start":{"line":3,"column":655},"end":{"line":3,"column":755}},"22":{"start":{"line":3,"column":756},"end":{"line":3,"column":920}},"23":{"start":{"line":3,"column":920},"end":{"line":3,"column":1038}},"24":{"start":{"line":3,"column":936},"end":{"line":3,"column":1038}},"25":{"start":{"line":5,"column":6},"end":{"line":18,"column":40}},"26":{"start":{"line":5,"column":29},"end":{"line":5,"column":56}},"27":{"start":{"line":5,"column":72},"end":{"line":5,"column":99}},"28":{"start":{"line":5,"column":99},"end":{"line":5,"column":209}},"29":{"start":{"line":5,"column":210},"end":{"line":18,"column":10}},"30":{"start":{"line":7,"column":6},"end":{"line":14,"column":228}},"31":{"start":{"line":18,"column":10},"end":{"line":18,"column":21}}},"fnMap":{"0":{"name":"(anonymous_0)","decl":{"start":{"line":1,"column":120},"end":{"line":1,"column":121}},"loc":{"start":{"line":1,"column":132},"end":{"line":1,"column":647}}},"1":{"name":"defineProperties","decl":{"start":{"line":1,"column":142},"end":{"line":1,"column":158}},"loc":{"start":{"line":1,"column":174},"end":{"line":1,"column":441}}},"2":{"name":"(anonymous_2)","decl":{"start":{"line":1,"column":448},"end":{"line":1,"column":449}},"loc":{"start":{"line":1,"column":496},"end":{"line":1,"column":645}}},"3":{"name":"_classCallCheck","decl":{"start":{"line":3,"column":176},"end":{"line":3,"column":191}},"loc":{"start":{"line":3,"column":215},"end":{"line":3,"column":316}}},"4":{"name":"_possibleConstructorReturn","decl":{"start":{"line":3,"column":325},"end":{"line":3,"column":351}},"loc":{"start":{"line":3,"column":364},"end":{"line":3,"column":551}}},"5":{"name":"_inherits","decl":{"start":{"line":3,"column":560},"end":{"line":3,"column":569}},"loc":{"start":{"line":3,"column":592},"end":{"line":3,"column":1039}}},"6":{"name":"(anonymous_6)","decl":{"start":{"line":5,"column":6},"end":{"line":5,"column":7}},"loc":{"start":{"line":5,"column":28},"end":{"line":18,"column":22}}},"7":{"name":"App","decl":{"start":{"line":5,"column":65},"end":{"line":5,"column":68}},"loc":{"start":{"line":5,"column":71},"end":{"line":5,"column":210}}},"8":{"name":"render","decl":{"start":{"line":5,"column":262},"end":{"line":5,"column":268}},"loc":{"start":{"line":6,"column":4},"end":{"line":18,"column":5}}}},"branchMap":{"0":{"loc":{"start":{"line":1,"column":265},"end":{"line":1,"column":295}},"type":"binary-expr","locations":[{"start":{"line":1,"column":265},"end":{"line":1,"column":286}},{"start":{"line":1,"column":290},"end":{"line":1,"column":295}}]},"1":{"loc":{"start":{"line":1,"column":327},"end":{"line":1,"column":381}},"type":"if","locations":[{"start":{"line":1,"column":327},"end":{"line":1,"column":381}},{"start":{"line":1,"column":327},"end":{"line":1,"column":381}}]},"2":{"loc":{"start":{"line":1,"column":497},"end":{"line":1,"column":565}},"type":"if","locations":[{"start":{"line":1,"column":497},"end":{"line":1,"column":565}},{"start":{"line":1,"column":497},"end":{"line":1,"column":565}}]},"3":{"loc":{"start":{"line":1,"column":565},"end":{"line":1,"column":625}},"type":"if","locations":[{"start":{"line":1,"column":565},"end":{"line":1,"column":625}},{"start":{"line":1,"column":565},"end":{"line":1,"column":625}}]},"4":{"loc":{"start":{"line":3,"column":216},"end":{"line":3,"column":315}},"type":"if","locations":[{"start":{"line":3,"column":216},"end":{"line":3,"column":315}},{"start":{"line":3,"column":216},"end":{"line":3,"column":315}}]},"5":{"loc":{"start":{"line":3,"column":365},"end":{"line":3,"column":464}},"type":"if","locations":[{"start":{"line":3,"column":365},"end":{"line":3,"column":464}},{"start":{"line":3,"column":365},"end":{"line":3,"column":464}}]},"6":{"loc":{"start":{"line":3,"column":471},"end":{"line":3,"column":549}},"type":"cond-expr","locations":[{"start":{"line":3,"column":538},"end":{"line":3,"column":542}},{"start":{"line":3,"column":545},"end":{"line":3,"column":549}}]},"7":{"loc":{"start":{"line":3,"column":471},"end":{"line":3,"column":535}},"type":"binary-expr","locations":[{"start":{"line":3,"column":471},"end":{"line":3,"column":475}},{"start":{"line":3,"column":480},"end":{"line":3,"column":504}},{"start":{"line":3,"column":508},"end":{"line":3,"column":534}}]},"8":{"loc":{"start":{"line":3,"column":593},"end":{"line":3,"column":756}},"type":"if","locations":[{"start":{"line":3,"column":593},"end":{"line":3,"column":756}},{"start":{"line":3,"column":593},"end":{"line":3,"column":756}}]},"9":{"loc":{"start":{"line":3,"column":597},"end":{"line":3,"column":652}},"type":"binary-expr","locations":[{"start":{"line":3,"column":597},"end":{"line":3,"column":629}},{"start":{"line":3,"column":633},"end":{"line":3,"column":652}}]},"10":{"loc":{"start":{"line":3,"column":791},"end":{"line":3,"column":825}},"type":"binary-expr","locations":[{"start":{"line":3,"column":791},"end":{"line":3,"column":801}},{"start":{"line":3,"column":805},"end":{"line":3,"column":825}}]},"11":{"loc":{"start":{"line":3,"column":920},"end":{"line":3,"column":1038}},"type":"if","locations":[{"start":{"line":3,"column":920},"end":{"line":3,"column":1038}},{"start":{"line":3,"column":920},"end":{"line":3,"column":1038}}]},"12":{"loc":{"start":{"line":3,"column":936},"end":{"line":3,"column":1037}},"type":"cond-expr","locations":[{"start":{"line":3,"column":960},"end":{"line":3,"column":1003}},{"start":{"line":3,"column":1006},"end":{"line":3,"column":1037}}]},"13":{"loc":{"start":{"line":5,"column":140},"end":{"line":5,"column":183}},"type":"binary-expr","locations":[{"start":{"line":5,"column":140},"end":{"line":5,"column":153}},{"start":{"line":5,"column":157},"end":{"line":5,"column":183}}]}},"s":{"0":1,"1":1,"2":1,"3":1,"4":1,"5":1,"6":1,"7":1,"8":1,"9":1,"10":1,"11":1,"12":1,"13":0,"14":1,"15":1,"16":0,"17":1,"18":0,"19":1,"20":1,"21":0,"22":1,"23":1,"24":1,"25":1,"26":1,"27":1,"28":1,"29":1,"30":1,"31":1},"f":{"0":1,"1":1,"2":1,"3":1,"4":1,"5":1,"6":1,"7":1,"8":1},"b":{"0":[1,1],"1":[1,0],"2":[1,0],"3":[0,1],"4":[0,1],"5":[0,1],"6":[0,1],"7":[1,0,0],"8":[0,1],"9":[1,0],"10":[1,1],"11":[1,0],"12":[1,0],"13":[1,0]},"_coverageSchema":"332fd63041d2c1bcb487cc26dd0d5f7d97098a6c","hash":"24ac6e624165e7b18eb52431734e3b01e21e6e50"}
}
