{"/Users/emiliano/poc/jest-Tests/ShoppingList.js": {"path":"/Users/emiliano/poc/jest-Tests/ShoppingList.js","statementMap":{"0":{"start":{"line":5,"column":4},"end":{"line":14,"column":6}}},"fnMap":{"0":{"name":"(anonymous_0)","decl":{"start":{"line":4,"column":2},"end":{"line":4,"column":3}},"loc":{"start":{"line":4,"column":11},"end":{"line":15,"column":3}}}},"branchMap":{},"s":{"0":1},"f":{"0":1},"b":{},"_coverageSchema":"332fd63041d2c1bcb487cc26dd0d5f7d97098a6c","hash":"0e5bdbcc0bed54a0feb45c52f171de3221dcc1da"}
}
