TN:
SF:/Users/emiliano/poc/jest-Tests/CheckboxWithLabel.js
FN:1,(anonymous_0)
FN:1,defineProperties
FN:1,(anonymous_2)
FN:3,_interopRequireDefault
FN:3,_classCallCheck
FN:3,_possibleConstructorReturn
FN:3,_inherits
FN:5,(anonymous_7)
FN:7,CheckboxWithLabel
FN:14,onChange
FN:18,render
FNF:11
FNH:11
FNDA:1,(anonymous_0)
FNDA:1,defineProperties
FNDA:1,(anonymous_2)
FNDA:1,_interopRequireDefault
FNDA:1,_classCallCheck
FNDA:1,_possibleConstructorReturn
FNDA:1,_inherits
FNDA:1,(anonymous_7)
FNDA:1,CheckboxWithLabel
FNDA:1,onChange
FNDA:2,render
DA:1,2
DA:3,1
DA:5,1
DA:7,1
DA:14,1
DA:17,1
DA:21,2
DA:31,1
LF:8
LH:8
BRDA:1,0,0,2
BRDA:1,0,1,2
BRDA:1,1,0,2
BRDA:1,1,1,0
BRDA:1,2,0,1
BRDA:1,2,1,0
BRDA:1,3,0,0
BRDA:1,3,1,1
BRDA:3,4,0,0
BRDA:3,4,1,1
BRDA:3,5,0,1
BRDA:3,5,1,1
BRDA:3,6,0,0
BRDA:3,6,1,1
BRDA:3,7,0,0
BRDA:3,7,1,1
BRDA:3,8,0,0
BRDA:3,8,1,1
BRDA:3,9,0,1
BRDA:3,9,1,0
BRDA:3,9,2,0
BRDA:3,10,0,0
BRDA:3,10,1,1
BRDA:3,11,0,1
BRDA:3,11,1,0
BRDA:3,12,0,1
BRDA:3,12,1,1
BRDA:3,13,0,1
BRDA:3,13,1,0
BRDA:3,14,0,1
BRDA:3,14,1,0
BRDA:7,15,0,1
BRDA:7,15,1,0
BRDA:28,16,0,1
BRDA:28,16,1,1
BRF:35
BRH:21
end_of_record
TN:
SF:/Users/emiliano/poc/jest-Tests/ShoppingList.js
FN:1,(anonymous_0)
FN:1,defineProperties
FN:1,(anonymous_2)
FN:1,_interopRequireDefault
FN:1,_classCallCheck
FN:1,_possibleConstructorReturn
FN:1,_inherits
FN:3,(anonymous_7)
FN:3,ShoppingList
FN:3,render
FNF:10
FNH:10
FNDA:1,(anonymous_0)
FNDA:1,defineProperties
FNDA:1,(anonymous_2)
FNDA:1,_interopRequireDefault
FNDA:3,_classCallCheck
FNDA:3,_possibleConstructorReturn
FNDA:1,_inherits
FNDA:1,(anonymous_7)
FNDA:3,ShoppingList
FNDA:3,render
DA:1,3
DA:3,3
DA:5,3
DA:15,1
LF:4
LH:4
BRDA:1,0,0,1
BRDA:1,0,1,1
BRDA:1,1,0,1
BRDA:1,1,1,0
BRDA:1,2,0,1
BRDA:1,2,1,0
BRDA:1,3,0,0
BRDA:1,3,1,1
BRDA:1,4,0,0
BRDA:1,4,1,1
BRDA:1,5,0,1
BRDA:1,5,1,1
BRDA:1,6,0,0
BRDA:1,6,1,3
BRDA:1,7,0,0
BRDA:1,7,1,3
BRDA:1,8,0,0
BRDA:1,8,1,3
BRDA:1,9,0,3
BRDA:1,9,1,0
BRDA:1,9,2,0
BRDA:1,10,0,0
BRDA:1,10,1,1
BRDA:1,11,0,1
BRDA:1,11,1,0
BRDA:1,12,0,1
BRDA:1,12,1,1
BRDA:1,13,0,1
BRDA:1,13,1,0
BRDA:1,14,0,1
BRDA:1,14,1,0
BRDA:3,15,0,3
BRDA:3,15,1,0
BRF:33
BRH:19
end_of_record
TN:
SF:/Users/emiliano/poc/jest-Tests/link.react.js
FN:1,(anonymous_0)
FN:1,defineProperties
FN:1,(anonymous_2)
FN:2,_interopRequireDefault
FN:2,_classCallCheck
FN:2,_possibleConstructorReturn
FN:2,_inherits
FNF:7
FNH:7
FNDA:1,(anonymous_0)
FNDA:1,defineProperties
FNDA:1,(anonymous_2)
FNDA:1,_interopRequireDefault
FNDA:1,_classCallCheck
FNDA:1,_possibleConstructorReturn
FNDA:1,_inherits
DA:1,3
DA:2,1
DA:4,1
LF:3
LH:3
BRDA:1,0,0,3
BRDA:1,0,1,3
BRDA:1,1,0,3
BRDA:1,1,1,0
BRDA:1,2,0,1
BRDA:1,2,1,0
BRDA:1,3,0,0
BRDA:1,3,1,1
BRDA:2,4,0,0
BRDA:2,4,1,1
BRDA:2,5,0,1
BRDA:2,5,1,1
BRDA:2,6,0,0
BRDA:2,6,1,1
BRDA:2,7,0,0
BRDA:2,7,1,1
BRDA:2,8,0,0
BRDA:2,8,1,1
BRDA:2,9,0,1
BRDA:2,9,1,0
BRDA:2,9,2,0
BRDA:2,10,0,0
BRDA:2,10,1,1
BRDA:2,11,0,1
BRDA:2,11,1,0
BRDA:2,12,0,1
BRDA:2,12,1,1
BRDA:2,13,0,1
BRDA:2,13,1,0
BRDA:2,14,0,1
BRDA:2,14,1,0
BRF:31
BRH:18
end_of_record
TN:
SF:/Users/emiliano/poc/jest-Tests/sum.js
FN:1,(anonymous_0)
FNF:1
FNH:1
FNDA:1,(anonymous_0)
DA:1,1
LF:1
LH:1
BRF:0
BRH:0
end_of_record
TN:
SF:/Users/emiliano/poc/jest-Tests/hello-world/src/App.css
FNF:0
FNH:0
LF:0
LH:0
BRF:0
BRH:0
end_of_record
TN:
SF:/Users/emiliano/poc/jest-Tests/hello-world/src/App.js
FN:1,(anonymous_0)
FN:1,defineProperties
FN:1,(anonymous_2)
FN:3,_classCallCheck
FN:3,_possibleConstructorReturn
FN:3,_inherits
FN:5,(anonymous_6)
FN:5,App
FN:5,render
FNF:9
FNH:9
FNDA:1,(anonymous_0)
FNDA:1,defineProperties
FNDA:1,(anonymous_2)
FNDA:1,_classCallCheck
FNDA:1,_possibleConstructorReturn
FNDA:1,_inherits
FNDA:1,(anonymous_6)
FNDA:1,App
FNDA:1,render
DA:1,1
DA:3,1
DA:5,1
DA:7,1
DA:18,1
LF:5
LH:5
BRDA:1,0,0,1
BRDA:1,0,1,1
BRDA:1,1,0,1
BRDA:1,1,1,0
BRDA:1,2,0,1
BRDA:1,2,1,0
BRDA:1,3,0,0
BRDA:1,3,1,1
BRDA:3,4,0,0
BRDA:3,4,1,1
BRDA:3,5,0,0
BRDA:3,5,1,1
BRDA:3,6,0,0
BRDA:3,6,1,1
BRDA:3,7,0,1
BRDA:3,7,1,0
BRDA:3,7,2,0
BRDA:3,8,0,0
BRDA:3,8,1,1
BRDA:3,9,0,1
BRDA:3,9,1,0
BRDA:3,10,0,1
BRDA:3,10,1,1
BRDA:3,11,0,1
BRDA:3,11,1,0
BRDA:3,12,0,1
BRDA:3,12,1,0
BRDA:5,13,0,1
BRDA:5,13,1,0
BRF:29
BRH:16
end_of_record
